# Logfile created on 2014-01-22 13:32:39 +0800 by logger.rb/44203
I, [2014-01-22T13:32:39.613473 #21415]  INFO -- : 0:  rake (10.1.0) from /home/le/.rvm/rubies/ruby-2.1.0/lib/ruby/gems/2.1.0/specifications/default/rake-10.1.0.gemspec
I, [2014-01-22T13:32:45.906795 #21415]  INFO -- : 0:  fast-stemmer (1.0.2) from /home/le/.rvm/gems/ruby-2.1.0/specifications/fast-stemmer-1.0.2.gemspec
I, [2014-01-22T13:32:49.318079 #21415]  INFO -- : 0:  classifier (1.3.3) from /home/le/.rvm/gems/ruby-2.1.0/specifications/classifier-1.3.3.gemspec
I, [2014-01-22T13:32:51.240595 #21415]  INFO -- : 0:  colorator (0.1) from /home/le/.rvm/gems/ruby-2.1.0/specifications/colorator-0.1.gemspec
I, [2014-01-22T13:32:58.605972 #21415]  INFO -- : 0:  highline (1.6.19) from /home/le/.rvm/gems/ruby-2.1.0/specifications/highline-1.6.19.gemspec
I, [2014-01-22T13:33:04.683895 #21415]  INFO -- : 0:  commander (4.1.5) from /home/le/.rvm/gems/ruby-2.1.0/specifications/commander-4.1.5.gemspec
I, [2014-01-22T13:33:20.097970 #21415]  INFO -- : 0:  ffi (1.9.0) from /home/le/.rvm/gems/ruby-2.1.0/specifications/ffi-1.9.0.gemspec
I, [2014-01-22T13:33:22.710715 #21415]  INFO -- : 0:  liquid (2.5.4) from /home/le/.rvm/gems/ruby-2.1.0/specifications/liquid-2.5.4.gemspec
I, [2014-01-22T13:33:27.789364 #21415]  INFO -- : 0:  rb-fsevent (0.9.3) from /home/le/.rvm/gems/ruby-2.1.0/specifications/rb-fsevent-0.9.3.gemspec
I, [2014-01-22T13:33:30.256566 #21415]  INFO -- : 0:  rb-inotify (0.9.0) from /home/le/.rvm/gems/ruby-2.1.0/specifications/rb-inotify-0.9.0.gemspec
I, [2014-01-22T13:33:32.034972 #21415]  INFO -- : 0:  rb-kqueue (0.2.0) from /home/le/.rvm/gems/ruby-2.1.0/specifications/rb-kqueue-0.2.0.gemspec
I, [2014-01-22T13:33:33.835278 #21415]  INFO -- : 0:  listen (1.3.1) from /home/le/.rvm/gems/ruby-2.1.0/specifications/listen-1.3.1.gemspec
I, [2014-01-22T13:33:35.736434 #21415]  INFO -- : 0:  syntax (1.0.0) from /home/le/.rvm/gems/ruby-2.1.0/specifications/syntax-1.0.0.gemspec
I, [2014-01-22T13:33:38.918271 #21415]  INFO -- : 0:  maruku (0.6.1) from /home/le/.rvm/gems/ruby-2.1.0/specifications/maruku-0.6.1.gemspec
I, [2014-01-22T13:33:41.178995 #21415]  INFO -- : 0:  posix-spawn (0.3.6) from /home/le/.rvm/gems/ruby-2.1.0/specifications/posix-spawn-0.3.6.gemspec
I, [2014-01-22T13:33:50.584826 #21415]  INFO -- : 0:  yajl-ruby (1.1.0) from /home/le/.rvm/gems/ruby-2.1.0/specifications/yajl-ruby-1.1.0.gemspec
I, [2014-01-22T13:34:08.938609 #21415]  INFO -- : 0:  pygments.rb (0.5.2) from /home/le/.rvm/gems/ruby-2.1.0/specifications/pygments.rb-0.5.2.gemspec
I, [2014-01-22T13:34:15.298490 #21415]  INFO -- : 0:  redcarpet (2.3.0) from /home/le/.rvm/gems/ruby-2.1.0/specifications/redcarpet-2.3.0.gemspec
I, [2014-01-22T13:34:19.590487 #21415]  INFO -- : 0:  safe_yaml (0.9.7) from /home/le/.rvm/gems/ruby-2.1.0/specifications/safe_yaml-0.9.7.gemspec
I, [2014-01-22T13:34:23.508522 #21415]  INFO -- : 0:  jekyll (1.3.0) from /home/le/.rvm/gems/ruby-2.1.0/specifications/jekyll-1.3.0.gemspec
I, [2014-01-22T13:34:27.003700 #21415]  INFO -- : 0:  kramdown (1.0.2) from /home/le/.rvm/gems/ruby-2.1.0/specifications/kramdown-1.0.2.gemspec
I, [2014-01-22T13:34:27.004647 #21415]  INFO -- : 0:  bundler (1.5.1) from /home/le/.rvm/gems/ruby-2.1.0@global/specifications/bundler-1.5.1.gemspec
